0 info it worked if it ends with ok
1 verbose cli [ '/usr/local/bin/node',
1 verbose cli   '/usr/local/bin/npm',
1 verbose cli   'install',
1 verbose cli   'n',
1 verbose cli   'v8.1.4' ]
2 info using npm@3.10.10
3 info using node@v6.11.1
4 silly loadCurrentTree Starting
5 silly install loadCurrentTree
6 silly install readLocalPackageData
7 silly fetchPackageMetaData n
8 silly fetchPackageMetaData v8.1.4
9 silly fetchNamedPackageData n
10 silly mapToRegistry name n
11 silly mapToRegistry using default registry
12 silly mapToRegistry registry https://registry.npmjs.org/
13 silly mapToRegistry data Result {
13 silly mapToRegistry   raw: 'n',
13 silly mapToRegistry   scope: null,
13 silly mapToRegistry   escapedName: 'n',
13 silly mapToRegistry   name: 'n',
13 silly mapToRegistry   rawSpec: '',
13 silly mapToRegistry   spec: 'latest',
13 silly mapToRegistry   type: 'tag' }
14 silly mapToRegistry uri https://registry.npmjs.org/n
15 silly fetchNamedPackageData v8.1.4
16 silly mapToRegistry name v8.1.4
17 silly mapToRegistry using default registry
18 silly mapToRegistry registry https://registry.npmjs.org/
19 silly mapToRegistry data Result {
19 silly mapToRegistry   raw: 'v8.1.4',
19 silly mapToRegistry   scope: null,
19 silly mapToRegistry   escapedName: 'v8.1.4',
19 silly mapToRegistry   name: 'v8.1.4',
19 silly mapToRegistry   rawSpec: '',
19 silly mapToRegistry   spec: 'latest',
19 silly mapToRegistry   type: 'tag' }
20 silly mapToRegistry uri https://registry.npmjs.org/v8.1.4
21 verbose request uri https://registry.npmjs.org/v8.1.4
22 verbose request no auth needed
23 info attempt registry request try #1 at 19:04:05
24 verbose request id 54645b51cfc1c870
25 http request GET https://registry.npmjs.org/v8.1.4
26 verbose request uri https://registry.npmjs.org/n
27 verbose request no auth needed
28 info attempt registry request try #1 at 19:04:05
29 verbose etag W/"59626328-116ab"
30 verbose lastModified Sun, 09 Jul 2017 17:08:56 GMT
31 http request GET https://registry.npmjs.org/n
32 http 304 https://registry.npmjs.org/n
33 verbose headers { date: 'Fri, 14 Jul 2017 17:04:05 GMT',
33 verbose headers   via: '1.1 varnish',
33 verbose headers   'cache-control': 'max-age=300',
33 verbose headers   etag: 'W/"59626328-116ab"',
33 verbose headers   age: '0',
33 verbose headers   connection: 'keep-alive',
33 verbose headers   'x-served-by': 'cache-lhr6328-LHR',
33 verbose headers   'x-cache': 'HIT',
33 verbose headers   'x-cache-hits': '1',
33 verbose headers   'x-timer': 'S1500051846.737937,VS0,VE18',
33 verbose headers   vary: 'Accept-Encoding, Accept' }
34 silly get cb [ 304,
34 silly get   { date: 'Fri, 14 Jul 2017 17:04:05 GMT',
34 silly get     via: '1.1 varnish',
34 silly get     'cache-control': 'max-age=300',
34 silly get     etag: 'W/"59626328-116ab"',
34 silly get     age: '0',
34 silly get     connection: 'keep-alive',
34 silly get     'x-served-by': 'cache-lhr6328-LHR',
34 silly get     'x-cache': 'HIT',
34 silly get     'x-cache-hits': '1',
34 silly get     'x-timer': 'S1500051846.737937,VS0,VE18',
34 silly get     vary: 'Accept-Encoding, Accept' } ]
35 verbose etag https://registry.npmjs.org/n from cache
36 verbose get saving n to /home/etienne/.npm/registry.npmjs.org/n/.cache.json
37 verbose correctMkdir /home/etienne/.npm correctMkdir not in flight; initializing
38 http 404 https://registry.npmjs.org/v8.1.4
39 verbose headers { 'content-type': 'application/json',
39 verbose headers   'cache-control': 'max-age=0',
39 verbose headers   'content-length': '2',
39 verbose headers   'accept-ranges': 'bytes',
39 verbose headers   date: 'Fri, 14 Jul 2017 17:04:06 GMT',
39 verbose headers   via: '1.1 varnish',
39 verbose headers   age: '0',
39 verbose headers   connection: 'keep-alive',
39 verbose headers   'x-served-by': 'cache-lhr6335-LHR',
39 verbose headers   'x-cache': 'MISS',
39 verbose headers   'x-cache-hits': '0',
39 verbose headers   'x-timer': 'S1500051846.724924,VS0,VE638',
39 verbose headers   vary: 'Accept-Encoding' }
40 silly get cb [ 404,
40 silly get   { 'content-type': 'application/json',
40 silly get     'cache-control': 'max-age=0',
40 silly get     'content-length': '2',
40 silly get     'accept-ranges': 'bytes',
40 silly get     date: 'Fri, 14 Jul 2017 17:04:06 GMT',
40 silly get     via: '1.1 varnish',
40 silly get     age: '0',
40 silly get     connection: 'keep-alive',
40 silly get     'x-served-by': 'cache-lhr6335-LHR',
40 silly get     'x-cache': 'MISS',
40 silly get     'x-cache-hits': '0',
40 silly get     'x-timer': 'S1500051846.724924,VS0,VE638',
40 silly get     vary: 'Accept-Encoding' } ]
41 silly fetchPackageMetaData Error: Registry returned 404 for GET on https://registry.npmjs.org/v8.1.4
41 silly fetchPackageMetaData     at makeError (/usr/local/lib/node_modules/npm/node_modules/npm-registry-client/lib/request.js:302:12)
41 silly fetchPackageMetaData     at CachingRegistryClient.<anonymous> (/usr/local/lib/node_modules/npm/node_modules/npm-registry-client/lib/request.js:280:14)
41 silly fetchPackageMetaData     at Request._callback (/usr/local/lib/node_modules/npm/node_modules/npm-registry-client/lib/request.js:210:14)
41 silly fetchPackageMetaData     at Request.self.callback (/usr/local/lib/node_modules/npm/node_modules/request/request.js:187:22)
41 silly fetchPackageMetaData     at emitTwo (events.js:106:13)
41 silly fetchPackageMetaData     at Request.emit (events.js:191:7)
41 silly fetchPackageMetaData     at Request.<anonymous> (/usr/local/lib/node_modules/npm/node_modules/request/request.js:1048:10)
41 silly fetchPackageMetaData     at emitOne (events.js:96:13)
41 silly fetchPackageMetaData     at Request.emit (events.js:188:7)
41 silly fetchPackageMetaData     at IncomingMessage.<anonymous> (/usr/local/lib/node_modules/npm/node_modules/request/request.js:969:12)
41 silly fetchPackageMetaData  error for v8.1.4 { Error: Registry returned 404 for GET on https://registry.npmjs.org/v8.1.4
41 silly fetchPackageMetaData     at makeError (/usr/local/lib/node_modules/npm/node_modules/npm-registry-client/lib/request.js:302:12)
41 silly fetchPackageMetaData     at CachingRegistryClient.<anonymous> (/usr/local/lib/node_modules/npm/node_modules/npm-registry-client/lib/request.js:280:14)
41 silly fetchPackageMetaData     at Request._callback (/usr/local/lib/node_modules/npm/node_modules/npm-registry-client/lib/request.js:210:14)
41 silly fetchPackageMetaData     at Request.self.callback (/usr/local/lib/node_modules/npm/node_modules/request/request.js:187:22)
41 silly fetchPackageMetaData     at emitTwo (events.js:106:13)
41 silly fetchPackageMetaData     at Request.emit (events.js:191:7)
41 silly fetchPackageMetaData     at Request.<anonymous> (/usr/local/lib/node_modules/npm/node_modules/request/request.js:1048:10)
41 silly fetchPackageMetaData     at emitOne (events.js:96:13)
41 silly fetchPackageMetaData     at Request.emit (events.js:188:7)
41 silly fetchPackageMetaData     at IncomingMessage.<anonymous> (/usr/local/lib/node_modules/npm/node_modules/request/request.js:969:12) pkgid: 'v8.1.4', statusCode: 404, code: 'E404' }
42 silly rollbackFailedOptional Starting
43 silly rollbackFailedOptional Finishing
44 silly runTopLevelLifecycles Finishing
45 silly install printInstalled
46 verbose stack Error: Registry returned 404 for GET on https://registry.npmjs.org/v8.1.4
46 verbose stack     at makeError (/usr/local/lib/node_modules/npm/node_modules/npm-registry-client/lib/request.js:302:12)
46 verbose stack     at CachingRegistryClient.<anonymous> (/usr/local/lib/node_modules/npm/node_modules/npm-registry-client/lib/request.js:280:14)
46 verbose stack     at Request._callback (/usr/local/lib/node_modules/npm/node_modules/npm-registry-client/lib/request.js:210:14)
46 verbose stack     at Request.self.callback (/usr/local/lib/node_modules/npm/node_modules/request/request.js:187:22)
46 verbose stack     at emitTwo (events.js:106:13)
46 verbose stack     at Request.emit (events.js:191:7)
46 verbose stack     at Request.<anonymous> (/usr/local/lib/node_modules/npm/node_modules/request/request.js:1048:10)
46 verbose stack     at emitOne (events.js:96:13)
46 verbose stack     at Request.emit (events.js:188:7)
46 verbose stack     at IncomingMessage.<anonymous> (/usr/local/lib/node_modules/npm/node_modules/request/request.js:969:12)
47 verbose statusCode 404
48 verbose pkgid v8.1.4
49 verbose cwd /home/etienne/workspace/OLVO_APP
50 error Linux 4.8.0-58-generic
51 error argv "/usr/local/bin/node" "/usr/local/bin/npm" "install" "n" "v8.1.4"
52 error node v6.11.1
53 error npm  v3.10.10
54 error code E404
55 error 404 Registry returned 404 for GET on https://registry.npmjs.org/v8.1.4
56 error 404
57 error 404 'v8.1.4' is not in the npm registry.
58 error 404 You should bug the author to publish it (or use the name yourself!)
59 error 404 Note that you can also install from a
60 error 404 tarball, folder, http url, or git url.
61 verbose exit [ 1, true ]
